<?xml version="1.0" encoding="UTF-8"?>
<!-- Generated by org.testng.reporters.JUnitXMLReporter -->
<testsuite ignored="0" hostname="Tulkin" failures="1" tests="3" name="Test" time="5.547" errors="0" timestamp="2022-04-19T14:39:46 EDT">
  <testcase classname="base_setup.DemoTestNGClass" name="testFaild" time="0.018">
    <failure type="java.lang.AssertionError" message="null">
      <![CDATA[java.lang.AssertionError: null
at base_setup.DemoTestNGClass.testFaild(DemoTestNGClass.java:57)
at java.base/java.util.ArrayList.forEach(ArrayList.java:1541)
... Removed 29 stack frames]]>
    </failure>
  </testcase> <!-- testFaild -->
  <testcase classname="base_setup.DemoTestNGClass" name="testSkipped" time="0.003">
    <skipped/>
  </testcase> <!-- testSkipped -->
  <testcase classname="base_setup.DemoTestNGClass" name="testSuccessful" time="2.911"/>
</testsuite> <!-- Test -->
