<?xml version="1.0" encoding="UTF-8"?>
<!-- Generated by org.testng.reporters.JUnitReportReporter -->
<testsuite hostname="Tulkin" failures="0" tests="1" name="run_tests.TestRunner" time="0.135" errors="1" timestamp="2022-04-28T21:54:31 EDT" skipped="0">
  <testcase classname="run_tests.TestRunner" name="runScenario" time="0.135">
    <error type="java.lang.NullPointerException">
      <![CDATA[java.lang.NullPointerException
at pageObjects.DemoShopHomePage.launch(DemoShopHomePage.java:37)
at com.demowebshop.step_definitions.Registration.user_launches_demo_shop_home_page(Registration.java:26)
at ✽.User launches DemoShop(file:///C:/Users/tulki/eclipse-workspace/MavenTest/src/test/resources/feature_files/DemoWebShop_Registration.feature:6)
]]>
    </error>
  </testcase> <!-- runScenario -->
  <system-out/>
</testsuite> <!-- run_tests.TestRunner -->
